0 info it worked if it ends with ok
1 verbose cli [ '/Users/liru/.nvm/versions/node/v7.2.0/bin/node',
1 verbose cli   '/Users/liru/.nvm/versions/node/v7.2.0/bin/npm',
1 verbose cli   'start' ]
2 info using npm@3.10.9
3 info using node@v7.2.0
4 verbose run-script [ 'prestart', 'start', 'poststart' ]
5 info lifecycle step1@1.0.0~prestart: step1@1.0.0
6 silly lifecycle step1@1.0.0~prestart: no script for prestart, continuing
7 info lifecycle step1@1.0.0~start: step1@1.0.0
8 verbose lifecycle step1@1.0.0~start: unsafe-perm in lifecycle true
9 verbose lifecycle step1@1.0.0~start: PATH: /Users/liru/.nvm/versions/node/v7.2.0/lib/node_modules/npm/bin/node-gyp-bin:/Users/liru/webpack/learnerCenter/node_modules/.bin:/Users/liru/bin/Sencha/Cmd/5.1.3.61:/opt/local/bin:/opt/local/sbin:/Users/liru/.nvm/versions/node/v7.2.0/bin:/Users/liru/bin/Sencha/Cmd/5.1.3.61:/usr/local/bin:/usr/bin:/bin:/usr/sbin:/sbin:/Users/liru/Downloads/maven-2.2.1/bin:/Users/liru/.rvm/bin
10 verbose lifecycle step1@1.0.0~start: CWD: /Users/liru/webpack/learnerCenter
11 silly lifecycle step1@1.0.0~start: Args: [ '-c', 'node server.js' ]
12 silly lifecycle step1@1.0.0~start: Returned: code: 1  signal: null
13 info lifecycle step1@1.0.0~start: Failed to exec start script
14 verbose stack Error: step1@1.0.0 start: `node server.js`
14 verbose stack Exit status 1
14 verbose stack     at EventEmitter.<anonymous> (/Users/liru/.nvm/versions/node/v7.2.0/lib/node_modules/npm/lib/utils/lifecycle.js:255:16)
14 verbose stack     at emitTwo (events.js:106:13)
14 verbose stack     at EventEmitter.emit (events.js:191:7)
14 verbose stack     at ChildProcess.<anonymous> (/Users/liru/.nvm/versions/node/v7.2.0/lib/node_modules/npm/lib/utils/spawn.js:40:14)
14 verbose stack     at emitTwo (events.js:106:13)
14 verbose stack     at ChildProcess.emit (events.js:191:7)
14 verbose stack     at maybeClose (internal/child_process.js:885:16)
14 verbose stack     at Process.ChildProcess._handle.onexit (internal/child_process.js:226:5)
15 verbose pkgid step1@1.0.0
16 verbose cwd /Users/liru/webpack/learnerCenter
17 error Darwin 16.0.0
18 error argv "/Users/liru/.nvm/versions/node/v7.2.0/bin/node" "/Users/liru/.nvm/versions/node/v7.2.0/bin/npm" "start"
19 error node v7.2.0
20 error npm  v3.10.9
21 error code ELIFECYCLE
22 error step1@1.0.0 start: `node server.js`
22 error Exit status 1
23 error Failed at the step1@1.0.0 start script 'node server.js'.
23 error Make sure you have the latest version of node.js and npm installed.
23 error If you do, this is most likely a problem with the step1 package,
23 error not with npm itself.
23 error Tell the author that this fails on your system:
23 error     node server.js
23 error You can get information on how to open an issue for this project with:
23 error     npm bugs step1
23 error Or if that isn't available, you can get their info via:
23 error     npm owner ls step1
23 error There is likely additional logging output above.
24 verbose exit [ 1, true ]
